2023-03-28T07:51:48.605Z info: 	server started on port 5001 (dev) 
2023-03-28T07:51:48.637Z info: 	Connected to DB! Uri:mongodb://localhost:27000/devGenericTypeScript 
2023-03-28T07:51:49.630Z error: 	uncaughtException: Unexpected number in JSON at position 4
SyntaxError: Unexpected number in JSON at position 4
    at JSON.parse (<anonymous>)
    at /Users/yujisato/Development/my_projects/flatmates/flatmate-api/node_modules/winston/lib/winston/transports/file.js:373:21
    at /Users/yujisato/Development/my_projects/flatmates/flatmate-api/node_modules/winston/lib/winston/tail-file.js:106:15
    at FSReqCallback.wrapper [as oncomplete] (node:fs:681:5)
    at FSReqCallback.callbackTrampoline (node:internal/async_hooks:130:17) {
  "error": {
    "transport": [
      "file"
    ]
  },
  "stack": "SyntaxError: Unexpected number in JSON at position 4\n    at JSON.parse (<anonymous>)\n    at /Users/yujisato/Development/my_projects/flatmates/flatmate-api/node_modules/winston/lib/winston/transports/file.js:373:21\n    at /Users/yujisato/Development/my_projects/flatmates/flatmate-api/node_modules/winston/lib/winston/tail-file.js:106:15\n    at FSReqCallback.wrapper [as oncomplete] (node:fs:681:5)\n    at FSReqCallback.callbackTrampoline (node:internal/async_hooks:130:17)",
  "exception": true,
  "date": "Tue Mar 28 2023 09:51:49 GMT+0200 (Central European Summer Time)",
  "process": {
    "pid": 13044,
    "uid": 501,
    "gid": 20,
    "cwd": "/Users/yujisato/Development/my_projects/flatmates/flatmate-api",
    "execPath": "/Users/yujisato/Library/pnpm/nodejs/18.14.2/bin/node",
    "version": "v18.14.2",
    "argv": [
      "/Users/yujisato/Development/my_projects/flatmates/flatmate-api/node_modules/.bin/ts-node",
      "/Users/yujisato/Development/my_projects/flatmates/flatmate-api/src/server.ts"
    ],
    "memoryUsage": {
      "rss": 344604672,
      "heapTotal": 284442624,
      "heapUsed": 254322024,
      "external": 21038539,
      "arrayBuffers": 19371146
    }
  },
  "os": {
    "loadavg": [
      2.9599609375,
      3.00048828125,
      3.7841796875
    ],
    "uptime": 3200
  },
  "trace": [
    {
      "column": null,
      "file": null,
      "function": "JSON.parse",
      "line": null,
      "method": "parse",
      "native": false
    },
    {
      "column": 21,
      "file": "/Users/yujisato/Development/my_projects/flatmates/flatmate-api/node_modules/winston/lib/winston/transports/file.js",
      "function": null,
      "line": 373,
      "method": null,
      "native": false
    },
    {
      "column": 15,
      "file": "/Users/yujisato/Development/my_projects/flatmates/flatmate-api/node_modules/winston/lib/winston/tail-file.js",
      "function": null,
      "line": 106,
      "method": null,
      "native": false
    },
    {
      "column": 5,
      "file": "node:fs",
      "function": "FSReqCallback.wrapper [as oncomplete]",
      "line": 681,
      "method": "wrapper [as oncomplete]",
      "native": false
    },
    {
      "column": 17,
      "file": "node:internal/async_hooks",
      "function": "FSReqCallback.callbackTrampoline",
      "line": 130,
      "method": "callbackTrampoline",
      "native": false
    }
  ]
}
2023-03-28T07:51:49.634Z error: 	uncaughtException: Unexpected number in JSON at position 4
SyntaxError: Unexpected number in JSON at position 4
    at JSON.parse (<anonymous>)
    at /Users/yujisato/Development/my_projects/flatmates/flatmate-api/node_modules/winston/lib/winston/transports/file.js:373:21
    at /Users/yujisato/Development/my_projects/flatmates/flatmate-api/node_modules/winston/lib/winston/tail-file.js:106:15
    at FSReqCallback.wrapper [as oncomplete] (node:fs:681:5)
    at FSReqCallback.callbackTrampoline (node:internal/async_hooks:130:17) {
  "error": {
    "transport": [
      "file"
    ]
  },
  "stack": "SyntaxError: Unexpected number in JSON at position 4\n    at JSON.parse (<anonymous>)\n    at /Users/yujisato/Development/my_projects/flatmates/flatmate-api/node_modules/winston/lib/winston/transports/file.js:373:21\n    at /Users/yujisato/Development/my_projects/flatmates/flatmate-api/node_modules/winston/lib/winston/tail-file.js:106:15\n    at FSReqCallback.wrapper [as oncomplete] (node:fs:681:5)\n    at FSReqCallback.callbackTrampoline (node:internal/async_hooks:130:17)",
  "exception": true,
  "date": "Tue Mar 28 2023 09:51:49 GMT+0200 (Central European Summer Time)",
  "process": {
    "pid": 13044,
    "uid": 501,
    "gid": 20,
    "cwd": "/Users/yujisato/Development/my_projects/flatmates/flatmate-api",
    "execPath": "/Users/yujisato/Library/pnpm/nodejs/18.14.2/bin/node",
    "version": "v18.14.2",
    "argv": [
      "/Users/yujisato/Development/my_projects/flatmates/flatmate-api/node_modules/.bin/ts-node",
      "/Users/yujisato/Development/my_projects/flatmates/flatmate-api/src/server.ts"
    ],
    "memoryUsage": {
      "rss": 344686592,
      "heapTotal": 284442624,
      "heapUsed": 254559624,
      "external": 21046802,
      "arrayBuffers": 19379369
    }
  },
  "os": {
    "loadavg": [
      2.9599609375,
      3.00048828125,
      3.7841796875
    ],
    "uptime": 3200
  },
  "trace": [
    {
      "column": null,
      "file": null,
      "function": "JSON.parse",
      "line": null,
      "method": "parse",
      "native": false
    },
    {
      "column": 21,
      "file": "/Users/yujisato/Development/my_projects/flatmates/flatmate-api/node_modules/winston/lib/winston/transports/file.js",
      "function": null,
      "line": 373,
      "method": null,
      "native": false
    },
    {
      "column": 15,
      "file": "/Users/yujisato/Development/my_projects/flatmates/flatmate-api/node_modules/winston/lib/winston/tail-file.js",
      "function": null,
      "line": 106,
      "method": null,
      "native": false
    },
    {
      "column": 5,
      "file": "node:fs",
      "function": "FSReqCallback.wrapper [as oncomplete]",
      "line": 681,
      "method": "wrapper [as oncomplete]",
      "native": false
    },
    {
      "column": 17,
      "file": "node:internal/async_hooks",
      "function": "FSReqCallback.callbackTrampoline",
      "line": 130,
      "method": "callbackTrampoline",
      "native": false
    }
  ]
}
2023-03-28T07:55:46.054Z error: 	uncaughtException: logger.stream is not a function
TypeError: logger.stream is not a function
    at Object.<anonymous> (/Users/yujisato/Development/my_projects/flatmates/flatmate-api/src/config/logger.ts:106:8)
    at Module._compile (node:internal/modules/cjs/loader:1254:14)
    at Module.m._compile (/Users/yujisato/Development/my_projects/flatmates/flatmate-api/node_modules/ts-node/src/index.ts:1618:23)
    at Module._extensions..js (node:internal/modules/cjs/loader:1308:10)
    at Object.require.extensions.<computed> [as .ts] (/Users/yujisato/Development/my_projects/flatmates/flatmate-api/node_modules/ts-node/src/index.ts:1621:12)
    at Module.load (node:internal/modules/cjs/loader:1117:32)
    at Function.Module._load (node:internal/modules/cjs/loader:958:12)
    at Module.require (node:internal/modules/cjs/loader:1141:19)
    at require (node:internal/modules/cjs/helpers:110:18)
    at Object.<anonymous> (/Users/yujisato/Development/my_projects/flatmates/flatmate-api/src/api/controllers/CrudController.ts:4:1)
    at Module._compile (node:internal/modules/cjs/loader:1254:14)
    at Module.m._compile (/Users/yujisato/Development/my_projects/flatmates/flatmate-api/node_modules/ts-node/src/index.ts:1618:23)
    at Module._extensions..js (node:internal/modules/cjs/loader:1308:10)
    at Object.require.extensions.<computed> [as .ts] (/Users/yujisato/Development/my_projects/flatmates/flatmate-api/node_modules/ts-node/src/index.ts:1621:12)
    at Module.load (node:internal/modules/cjs/loader:1117:32)
    at Function.Module._load (node:internal/modules/cjs/loader:958:12) {
  "error": {},
  "stack": "TypeError: logger.stream is not a function\n    at Object.<anonymous> (/Users/yujisato/Development/my_projects/flatmates/flatmate-api/src/config/logger.ts:106:8)\n    at Module._compile (node:internal/modules/cjs/loader:1254:14)\n    at Module.m._compile (/Users/yujisato/Development/my_projects/flatmates/flatmate-api/node_modules/ts-node/src/index.ts:1618:23)\n    at Module._extensions..js (node:internal/modules/cjs/loader:1308:10)\n    at Object.require.extensions.<computed> [as .ts] (/Users/yujisato/Development/my_projects/flatmates/flatmate-api/node_modules/ts-node/src/index.ts:1621:12)\n    at Module.load (node:internal/modules/cjs/loader:1117:32)\n    at Function.Module._load (node:internal/modules/cjs/loader:958:12)\n    at Module.require (node:internal/modules/cjs/loader:1141:19)\n    at require (node:internal/modules/cjs/helpers:110:18)\n    at Object.<anonymous> (/Users/yujisato/Development/my_projects/flatmates/flatmate-api/src/api/controllers/CrudController.ts:4:1)\n    at Module._compile (node:internal/modules/cjs/loader:1254:14)\n    at Module.m._compile (/Users/yujisato/Development/my_projects/flatmates/flatmate-api/node_modules/ts-node/src/index.ts:1618:23)\n    at Module._extensions..js (node:internal/modules/cjs/loader:1308:10)\n    at Object.require.extensions.<computed> [as .ts] (/Users/yujisato/Development/my_projects/flatmates/flatmate-api/node_modules/ts-node/src/index.ts:1621:12)\n    at Module.load (node:internal/modules/cjs/loader:1117:32)\n    at Function.Module._load (node:internal/modules/cjs/loader:958:12)",
  "exception": true,
  "date": "Tue Mar 28 2023 09:55:46 GMT+0200 (Central European Summer Time)",
  "process": {
    "pid": 13716,
    "uid": 501,
    "gid": 20,
    "cwd": "/Users/yujisato/Development/my_projects/flatmates/flatmate-api",
    "execPath": "/Users/yujisato/Library/pnpm/nodejs/18.14.2/bin/node",
    "version": "v18.14.2",
    "argv": [
      "/Users/yujisato/Development/my_projects/flatmates/flatmate-api/node_modules/.bin/ts-node",
      "/Users/yujisato/Development/my_projects/flatmates/flatmate-api/src/server.ts"
    ],
    "memoryUsage": {
      "rss": 203980800,
      "heapTotal": 105463808,
      "heapUsed": 84689256,
      "external": 22169639,
      "arrayBuffers": 20670734
    }
  },
  "os": {
    "loadavg": [
      3.89013671875,
      3.51708984375,
      3.8369140625
    ],
    "uptime": 3437
  },
  "trace": [
    {
      "column": 8,
      "file": "/Users/yujisato/Development/my_projects/flatmates/flatmate-api/src/config/logger.ts",
      "function": null,
      "line": 106,
      "method": null,
      "native": false
    },
    {
      "column": 14,
      "file": "node:internal/modules/cjs/loader",
      "function": "Module._compile",
      "line": 1254,
      "method": "_compile",
      "native": false
    },
    {
      "column": 23,
      "file": "/Users/yujisato/Development/my_projects/flatmates/flatmate-api/node_modules/ts-node/src/index.ts",
      "function": "Module.m._compile",
      "line": 1618,
      "method": "_compile",
      "native": false
    },
    {
      "column": 10,
      "file": "node:internal/modules/cjs/loader",
      "function": "Module._extensions..js",
      "line": 1308,
      "method": ".js",
      "native": false
    },
    {
      "column": 12,
      "file": "/Users/yujisato/Development/my_projects/flatmates/flatmate-api/node_modules/ts-node/src/index.ts",
      "function": "Object.require.extensions.<computed> [as .ts]",
      "line": 1621,
      "method": "ts]",
      "native": false
    },
    {
      "column": 32,
      "file": "node:internal/modules/cjs/loader",
      "function": "Module.load",
      "line": 1117,
      "method": "load",
      "native": false
    },
    {
      "column": 12,
      "file": "node:internal/modules/cjs/loader",
      "function": "Module._load",
      "line": 958,
      "method": "_load",
      "native": false
    },
    {
      "column": 19,
      "file": "node:internal/modules/cjs/loader",
      "function": "Module.require",
      "line": 1141,
      "method": "require",
      "native": false
    },
    {
      "column": 18,
      "file": "node:internal/modules/cjs/helpers",
      "function": "require",
      "line": 110,
      "method": null,
      "native": false
    },
    {
      "column": 1,
      "file": "/Users/yujisato/Development/my_projects/flatmates/flatmate-api/src/api/controllers/CrudController.ts",
      "function": null,
      "line": 4,
      "method": null,
      "native": false
    },
    {
      "column": 14,
      "file": "node:internal/modules/cjs/loader",
      "function": "Module._compile",
      "line": 1254,
      "method": "_compile",
      "native": false
    },
    {
      "column": 23,
      "file": "/Users/yujisato/Development/my_projects/flatmates/flatmate-api/node_modules/ts-node/src/index.ts",
      "function": "Module.m._compile",
      "line": 1618,
      "method": "_compile",
      "native": false
    },
    {
      "column": 10,
      "file": "node:internal/modules/cjs/loader",
      "function": "Module._extensions..js",
      "line": 1308,
      "method": ".js",
      "native": false
    },
    {
      "column": 12,
      "file": "/Users/yujisato/Development/my_projects/flatmates/flatmate-api/node_modules/ts-node/src/index.ts",
      "function": "Object.require.extensions.<computed> [as .ts]",
      "line": 1621,
      "method": "ts]",
      "native": false
    },
    {
      "column": 32,
      "file": "node:internal/modules/cjs/loader",
      "function": "Module.load",
      "line": 1117,
      "method": "load",
      "native": false
    },
    {
      "column": 12,
      "file": "node:internal/modules/cjs/loader",
      "function": "Module._load",
      "line": 958,
      "method": "_load",
      "native": false
    }
  ]
}
2023-03-28T07:55:51.493Z error: 	uncaughtException: logger.stream is not a function
TypeError: logger.stream is not a function
    at Object.<anonymous> (/Users/yujisato/Development/my_projects/flatmates/flatmate-api/src/config/logger.ts:106:8)
    at Module._compile (node:internal/modules/cjs/loader:1254:14)
    at Module.m._compile (/Users/yujisato/Development/my_projects/flatmates/flatmate-api/node_modules/ts-node/src/index.ts:1618:23)
    at Module._extensions..js (node:internal/modules/cjs/loader:1308:10)
    at Object.require.extensions.<computed> [as .ts] (/Users/yujisato/Development/my_projects/flatmates/flatmate-api/node_modules/ts-node/src/index.ts:1621:12)
    at Module.load (node:internal/modules/cjs/loader:1117:32)
    at Function.Module._load (node:internal/modules/cjs/loader:958:12)
    at Module.require (node:internal/modules/cjs/loader:1141:19)
    at require (node:internal/modules/cjs/helpers:110:18)
    at Object.<anonymous> (/Users/yujisato/Development/my_projects/flatmates/flatmate-api/src/api/controllers/CrudController.ts:4:1)
    at Module._compile (node:internal/modules/cjs/loader:1254:14)
    at Module.m._compile (/Users/yujisato/Development/my_projects/flatmates/flatmate-api/node_modules/ts-node/src/index.ts:1618:23)
    at Module._extensions..js (node:internal/modules/cjs/loader:1308:10)
    at Object.require.extensions.<computed> [as .ts] (/Users/yujisato/Development/my_projects/flatmates/flatmate-api/node_modules/ts-node/src/index.ts:1621:12)
    at Module.load (node:internal/modules/cjs/loader:1117:32)
    at Function.Module._load (node:internal/modules/cjs/loader:958:12) {
  "error": {},
  "stack": "TypeError: logger.stream is not a function\n    at Object.<anonymous> (/Users/yujisato/Development/my_projects/flatmates/flatmate-api/src/config/logger.ts:106:8)\n    at Module._compile (node:internal/modules/cjs/loader:1254:14)\n    at Module.m._compile (/Users/yujisato/Development/my_projects/flatmates/flatmate-api/node_modules/ts-node/src/index.ts:1618:23)\n    at Module._extensions..js (node:internal/modules/cjs/loader:1308:10)\n    at Object.require.extensions.<computed> [as .ts] (/Users/yujisato/Development/my_projects/flatmates/flatmate-api/node_modules/ts-node/src/index.ts:1621:12)\n    at Module.load (node:internal/modules/cjs/loader:1117:32)\n    at Function.Module._load (node:internal/modules/cjs/loader:958:12)\n    at Module.require (node:internal/modules/cjs/loader:1141:19)\n    at require (node:internal/modules/cjs/helpers:110:18)\n    at Object.<anonymous> (/Users/yujisato/Development/my_projects/flatmates/flatmate-api/src/api/controllers/CrudController.ts:4:1)\n    at Module._compile (node:internal/modules/cjs/loader:1254:14)\n    at Module.m._compile (/Users/yujisato/Development/my_projects/flatmates/flatmate-api/node_modules/ts-node/src/index.ts:1618:23)\n    at Module._extensions..js (node:internal/modules/cjs/loader:1308:10)\n    at Object.require.extensions.<computed> [as .ts] (/Users/yujisato/Development/my_projects/flatmates/flatmate-api/node_modules/ts-node/src/index.ts:1621:12)\n    at Module.load (node:internal/modules/cjs/loader:1117:32)\n    at Function.Module._load (node:internal/modules/cjs/loader:958:12)",
  "exception": true,
  "date": "Tue Mar 28 2023 09:55:51 GMT+0200 (Central European Summer Time)",
  "process": {
    "pid": 13752,
    "uid": 501,
    "gid": 20,
    "cwd": "/Users/yujisato/Development/my_projects/flatmates/flatmate-api",
    "execPath": "/Users/yujisato/Library/pnpm/nodejs/18.14.2/bin/node",
    "version": "v18.14.2",
    "argv": [
      "/Users/yujisato/Development/my_projects/flatmates/flatmate-api/node_modules/.bin/ts-node",
      "/Users/yujisato/Development/my_projects/flatmates/flatmate-api/src/server.ts"
    ],
    "memoryUsage": {
      "rss": 207896576,
      "heapTotal": 105201664,
      "heapUsed": 84440888,
      "external": 22167260,
      "arrayBuffers": 20668355
    }
  },
  "os": {
    "loadavg": [
      3.81884765625,
      3.50830078125,
      3.83154296875
    ],
    "uptime": 3442
  },
  "trace": [
    {
      "column": 8,
      "file": "/Users/yujisato/Development/my_projects/flatmates/flatmate-api/src/config/logger.ts",
      "function": null,
      "line": 106,
      "method": null,
      "native": false
    },
    {
      "column": 14,
      "file": "node:internal/modules/cjs/loader",
      "function": "Module._compile",
      "line": 1254,
      "method": "_compile",
      "native": false
    },
    {
      "column": 23,
      "file": "/Users/yujisato/Development/my_projects/flatmates/flatmate-api/node_modules/ts-node/src/index.ts",
      "function": "Module.m._compile",
      "line": 1618,
      "method": "_compile",
      "native": false
    },
    {
      "column": 10,
      "file": "node:internal/modules/cjs/loader",
      "function": "Module._extensions..js",
      "line": 1308,
      "method": ".js",
      "native": false
    },
    {
      "column": 12,
      "file": "/Users/yujisato/Development/my_projects/flatmates/flatmate-api/node_modules/ts-node/src/index.ts",
      "function": "Object.require.extensions.<computed> [as .ts]",
      "line": 1621,
      "method": "ts]",
      "native": false
    },
    {
      "column": 32,
      "file": "node:internal/modules/cjs/loader",
      "function": "Module.load",
      "line": 1117,
      "method": "load",
      "native": false
    },
    {
      "column": 12,
      "file": "node:internal/modules/cjs/loader",
      "function": "Module._load",
      "line": 958,
      "method": "_load",
      "native": false
    },
    {
      "column": 19,
      "file": "node:internal/modules/cjs/loader",
      "function": "Module.require",
      "line": 1141,
      "method": "require",
      "native": false
    },
    {
      "column": 18,
      "file": "node:internal/modules/cjs/helpers",
      "function": "require",
      "line": 110,
      "method": null,
      "native": false
    },
    {
      "column": 1,
      "file": "/Users/yujisato/Development/my_projects/flatmates/flatmate-api/src/api/controllers/CrudController.ts",
      "function": null,
      "line": 4,
      "method": null,
      "native": false
    },
    {
      "column": 14,
      "file": "node:internal/modules/cjs/loader",
      "function": "Module._compile",
      "line": 1254,
      "method": "_compile",
      "native": false
    },
    {
      "column": 23,
      "file": "/Users/yujisato/Development/my_projects/flatmates/flatmate-api/node_modules/ts-node/src/index.ts",
      "function": "Module.m._compile",
      "line": 1618,
      "method": "_compile",
      "native": false
    },
    {
      "column": 10,
      "file": "node:internal/modules/cjs/loader",
      "function": "Module._extensions..js",
      "line": 1308,
      "method": ".js",
      "native": false
    },
    {
      "column": 12,
      "file": "/Users/yujisato/Development/my_projects/flatmates/flatmate-api/node_modules/ts-node/src/index.ts",
      "function": "Object.require.extensions.<computed> [as .ts]",
      "line": 1621,
      "method": "ts]",
      "native": false
    },
    {
      "column": 32,
      "file": "node:internal/modules/cjs/loader",
      "function": "Module.load",
      "line": 1117,
      "method": "load",
      "native": false
    },
    {
      "column": 12,
      "file": "node:internal/modules/cjs/loader",
      "function": "Module._load",
      "line": 958,
      "method": "_load",
      "native": false
    }
  ]
}
2023-03-28T07:57:34.903Z info: 	[object Object] 
2023-03-28T07:57:35.846Z info: 	server started on port 5001 (dev) 
2023-03-28T07:57:35.873Z info: 	Connected to DB! Uri:mongodb://localhost:27000/devGenericTypeScript 
2023-03-28T07:57:45.940Z info: 	server started on port 5001 (dev) 
2023-03-28T07:57:45.950Z error: 	uncaughtException: Unexpected number in JSON at position 4
SyntaxError: Unexpected number in JSON at position 4
    at JSON.parse (<anonymous>)
    at /Users/yujisato/Development/my_projects/flatmates/flatmate-api/node_modules/winston/lib/winston/transports/file.js:373:21
    at /Users/yujisato/Development/my_projects/flatmates/flatmate-api/node_modules/winston/lib/winston/tail-file.js:106:15
    at FSReqCallback.wrapper [as oncomplete] (node:fs:681:5)
    at FSReqCallback.callbackTrampoline (node:internal/async_hooks:130:17) {
  "error": {
    "transport": [
      "file"
    ]
  },
  "stack": "SyntaxError: Unexpected number in JSON at position 4\n    at JSON.parse (<anonymous>)\n    at /Users/yujisato/Development/my_projects/flatmates/flatmate-api/node_modules/winston/lib/winston/transports/file.js:373:21\n    at /Users/yujisato/Development/my_projects/flatmates/flatmate-api/node_modules/winston/lib/winston/tail-file.js:106:15\n    at FSReqCallback.wrapper [as oncomplete] (node:fs:681:5)\n    at FSReqCallback.callbackTrampoline (node:internal/async_hooks:130:17)",
  "exception": true,
  "date": "Tue Mar 28 2023 09:57:45 GMT+0200 (Central European Summer Time)",
  "process": {
    "pid": 14280,
    "uid": 501,
    "gid": 20,
    "cwd": "/Users/yujisato/Development/my_projects/flatmates/flatmate-api",
    "execPath": "/Users/yujisato/Library/pnpm/nodejs/18.14.2/bin/node",
    "version": "v18.14.2",
    "argv": [
      "/Users/yujisato/Development/my_projects/flatmates/flatmate-api/node_modules/.bin/ts-node",
      "/Users/yujisato/Development/my_projects/flatmates/flatmate-api/src/server.ts"
    ],
    "memoryUsage": {
      "rss": 243826688,
      "heapTotal": 132857856,
      "heapUsed": 102079280,
      "external": 21024787,
      "arrayBuffers": 19354630
    }
  },
  "os": {
    "loadavg": [
      4.9501953125,
      3.76708984375,
      3.87158203125
    ],
    "uptime": 3556
  },
  "trace": [
    {
      "column": null,
      "file": null,
      "function": "JSON.parse",
      "line": null,
      "method": "parse",
      "native": false
    },
    {
      "column": 21,
      "file": "/Users/yujisato/Development/my_projects/flatmates/flatmate-api/node_modules/winston/lib/winston/transports/file.js",
      "function": null,
      "line": 373,
      "method": null,
      "native": false
    },
    {
      "column": 15,
      "file": "/Users/yujisato/Development/my_projects/flatmates/flatmate-api/node_modules/winston/lib/winston/tail-file.js",
      "function": null,
      "line": 106,
      "method": null,
      "native": false
    },
    {
      "column": 5,
      "file": "node:fs",
      "function": "FSReqCallback.wrapper [as oncomplete]",
      "line": 681,
      "method": "wrapper [as oncomplete]",
      "native": false
    },
    {
      "column": 17,
      "file": "node:internal/async_hooks",
      "function": "FSReqCallback.callbackTrampoline",
      "line": 130,
      "method": "callbackTrampoline",
      "native": false
    }
  ]
}
2023-03-28T07:57:45.953Z error: 	uncaughtException: Unexpected number in JSON at position 4
SyntaxError: Unexpected number in JSON at position 4
    at JSON.parse (<anonymous>)
    at /Users/yujisato/Development/my_projects/flatmates/flatmate-api/node_modules/winston/lib/winston/transports/file.js:373:21
    at /Users/yujisato/Development/my_projects/flatmates/flatmate-api/node_modules/winston/lib/winston/tail-file.js:106:15
    at FSReqCallback.wrapper [as oncomplete] (node:fs:681:5)
    at FSReqCallback.callbackTrampoline (node:internal/async_hooks:130:17) {
  "error": {
    "transport": [
      "file"
    ]
  },
  "stack": "SyntaxError: Unexpected number in JSON at position 4\n    at JSON.parse (<anonymous>)\n    at /Users/yujisato/Development/my_projects/flatmates/flatmate-api/node_modules/winston/lib/winston/transports/file.js:373:21\n    at /Users/yujisato/Development/my_projects/flatmates/flatmate-api/node_modules/winston/lib/winston/tail-file.js:106:15\n    at FSReqCallback.wrapper [as oncomplete] (node:fs:681:5)\n    at FSReqCallback.callbackTrampoline (node:internal/async_hooks:130:17)",
  "exception": true,
  "date": "Tue Mar 28 2023 09:57:45 GMT+0200 (Central European Summer Time)",
  "process": {
    "pid": 14280,
    "uid": 501,
    "gid": 20,
    "cwd": "/Users/yujisato/Development/my_projects/flatmates/flatmate-api",
    "execPath": "/Users/yujisato/Library/pnpm/nodejs/18.14.2/bin/node",
    "version": "v18.14.2",
    "argv": [
      "/Users/yujisato/Development/my_projects/flatmates/flatmate-api/node_modules/.bin/ts-node",
      "/Users/yujisato/Development/my_projects/flatmates/flatmate-api/src/server.ts"
    ],
    "memoryUsage": {
      "rss": 243892224,
      "heapTotal": 132857856,
      "heapUsed": 102370208,
      "external": 21033050,
      "arrayBuffers": 19362853
    }
  },
  "os": {
    "loadavg": [
      4.9501953125,
      3.76708984375,
      3.87158203125
    ],
    "uptime": 3556
  },
  "trace": [
    {
      "column": null,
      "file": null,
      "function": "JSON.parse",
      "line": null,
      "method": "parse",
      "native": false
    },
    {
      "column": 21,
      "file": "/Users/yujisato/Development/my_projects/flatmates/flatmate-api/node_modules/winston/lib/winston/transports/file.js",
      "function": null,
      "line": 373,
      "method": null,
      "native": false
    },
    {
      "column": 15,
      "file": "/Users/yujisato/Development/my_projects/flatmates/flatmate-api/node_modules/winston/lib/winston/tail-file.js",
      "function": null,
      "line": 106,
      "method": null,
      "native": false
    },
    {
      "column": 5,
      "file": "node:fs",
      "function": "FSReqCallback.wrapper [as oncomplete]",
      "line": 681,
      "method": "wrapper [as oncomplete]",
      "native": false
    },
    {
      "column": 17,
      "file": "node:internal/async_hooks",
      "function": "FSReqCallback.callbackTrampoline",
      "line": 130,
      "method": "callbackTrampoline",
      "native": false
    }
  ]
}
2023-03-28T16:47:02.334Z info: 	server started on port 5001 (dev) 
2023-03-28T16:47:02.345Z error: 	uncaughtException: Unexpected number in JSON at position 4
SyntaxError: Unexpected number in JSON at position 4
    at JSON.parse (<anonymous>)
    at /Users/yujisato/Development/my_projects/flatmates/flatmate-api/node_modules/winston/lib/winston/transports/file.js:373:21
    at /Users/yujisato/Development/my_projects/flatmates/flatmate-api/node_modules/winston/lib/winston/tail-file.js:106:15
    at FSReqCallback.wrapper [as oncomplete] (node:fs:681:5) {
  "error": {
    "transport": [
      "file"
    ]
  },
  "stack": "SyntaxError: Unexpected number in JSON at position 4\n    at JSON.parse (<anonymous>)\n    at /Users/yujisato/Development/my_projects/flatmates/flatmate-api/node_modules/winston/lib/winston/transports/file.js:373:21\n    at /Users/yujisato/Development/my_projects/flatmates/flatmate-api/node_modules/winston/lib/winston/tail-file.js:106:15\n    at FSReqCallback.wrapper [as oncomplete] (node:fs:681:5)",
  "exception": true,
  "date": "Tue Mar 28 2023 18:47:02 GMT+0200 (Central European Summer Time)",
  "process": {
    "pid": 18895,
    "uid": 501,
    "gid": 20,
    "cwd": "/Users/yujisato/Development/my_projects/flatmates/flatmate-api",
    "execPath": "/Users/yujisato/Library/pnpm/nodejs/18.14.2/bin/node",
    "version": "v18.14.2",
    "argv": [
      "/Users/yujisato/Development/my_projects/flatmates/flatmate-api/node_modules/.bin/ts-node",
      "/Users/yujisato/Development/my_projects/flatmates/flatmate-api/src/server.ts"
    ],
    "memoryUsage": {
      "rss": 234389504,
      "heapTotal": 132071424,
      "heapUsed": 101350680,
      "external": 21013277,
      "arrayBuffers": 19343120
    }
  },
  "os": {
    "loadavg": [
      5.728515625,
      5.5615234375,
      4.24755859375
    ],
    "uptime": 35313
  },
  "trace": [
    {
      "column": null,
      "file": null,
      "function": "JSON.parse",
      "line": null,
      "method": "parse",
      "native": false
    },
    {
      "column": 21,
      "file": "/Users/yujisato/Development/my_projects/flatmates/flatmate-api/node_modules/winston/lib/winston/transports/file.js",
      "function": null,
      "line": 373,
      "method": null,
      "native": false
    },
    {
      "column": 15,
      "file": "/Users/yujisato/Development/my_projects/flatmates/flatmate-api/node_modules/winston/lib/winston/tail-file.js",
      "function": null,
      "line": 106,
      "method": null,
      "native": false
    },
    {
      "column": 5,
      "file": "node:fs",
      "function": "FSReqCallback.wrapper [as oncomplete]",
      "line": 681,
      "method": "wrapper [as oncomplete]",
      "native": false
    }
  ]
}
2023-03-28T16:47:02.349Z error: 	uncaughtException: Unexpected number in JSON at position 4
SyntaxError: Unexpected number in JSON at position 4
    at JSON.parse (<anonymous>)
    at /Users/yujisato/Development/my_projects/flatmates/flatmate-api/node_modules/winston/lib/winston/transports/file.js:373:21
    at /Users/yujisato/Development/my_projects/flatmates/flatmate-api/node_modules/winston/lib/winston/tail-file.js:106:15
    at FSReqCallback.wrapper [as oncomplete] (node:fs:681:5) {
  "error": {
    "transport": [
      "file"
    ]
  },
  "stack": "SyntaxError: Unexpected number in JSON at position 4\n    at JSON.parse (<anonymous>)\n    at /Users/yujisato/Development/my_projects/flatmates/flatmate-api/node_modules/winston/lib/winston/transports/file.js:373:21\n    at /Users/yujisato/Development/my_projects/flatmates/flatmate-api/node_modules/winston/lib/winston/tail-file.js:106:15\n    at FSReqCallback.wrapper [as oncomplete] (node:fs:681:5)",
  "exception": true,
  "date": "Tue Mar 28 2023 18:47:02 GMT+0200 (Central European Summer Time)",
  "process": {
    "pid": 18895,
    "uid": 501,
    "gid": 20,
    "cwd": "/Users/yujisato/Development/my_projects/flatmates/flatmate-api",
    "execPath": "/Users/yujisato/Library/pnpm/nodejs/18.14.2/bin/node",
    "version": "v18.14.2",
    "argv": [
      "/Users/yujisato/Development/my_projects/flatmates/flatmate-api/node_modules/.bin/ts-node",
      "/Users/yujisato/Development/my_projects/flatmates/flatmate-api/src/server.ts"
    ],
    "memoryUsage": {
      "rss": 234455040,
      "heapTotal": 132333568,
      "heapUsed": 101942664,
      "external": 21013348,
      "arrayBuffers": 19343151
    }
  },
  "os": {
    "loadavg": [
      5.728515625,
      5.5615234375,
      4.24755859375
    ],
    "uptime": 35313
  },
  "trace": [
    {
      "column": null,
      "file": null,
      "function": "JSON.parse",
      "line": null,
      "method": "parse",
      "native": false
    },
    {
      "column": 21,
      "file": "/Users/yujisato/Development/my_projects/flatmates/flatmate-api/node_modules/winston/lib/winston/transports/file.js",
      "function": null,
      "line": 373,
      "method": null,
      "native": false
    },
    {
      "column": 15,
      "file": "/Users/yujisato/Development/my_projects/flatmates/flatmate-api/node_modules/winston/lib/winston/tail-file.js",
      "function": null,
      "line": 106,
      "method": null,
      "native": false
    },
    {
      "column": 5,
      "file": "node:fs",
      "function": "FSReqCallback.wrapper [as oncomplete]",
      "line": 681,
      "method": "wrapper [as oncomplete]",
      "native": false
    }
  ]
}
